SF:lib\constants\my_games.dart
DA:2,18
DA:3,6
DA:4,6
DA:5,6
DA:6,6
DA:7,6
DA:8,6
DA:9,6
DA:10,6
DA:11,6
DA:15,18
DA:16,6
DA:17,6
DA:18,6
DA:19,6
DA:20,6
DA:21,6
DA:22,6
DA:23,6
DA:24,6
DA:27,18
DA:28,6
DA:29,6
DA:30,6
DA:31,6
DA:32,6
DA:33,6
DA:34,6
DA:35,6
DA:36,6
DA:39,18
DA:40,6
DA:41,6
DA:42,6
DA:43,6
DA:44,6
DA:45,6
DA:46,6
DA:47,6
DA:48,6
DA:51,18
DA:52,6
DA:53,6
DA:54,6
DA:55,6
DA:56,6
DA:57,6
DA:58,6
DA:59,6
DA:60,6
DA:63,18
DA:64,6
DA:65,6
DA:66,6
DA:67,6
DA:68,6
DA:69,6
DA:70,6
DA:71,6
DA:72,6
DA:75,18
DA:76,6
DA:77,6
DA:78,6
DA:79,6
DA:80,6
DA:81,6
DA:82,6
DA:83,6
DA:84,6
DA:87,18
DA:88,6
DA:89,6
DA:90,6
DA:91,6
DA:92,6
DA:93,6
DA:94,6
DA:95,6
DA:96,6
DA:99,18
DA:100,6
DA:101,6
DA:102,6
DA:103,6
DA:104,6
DA:105,6
DA:106,6
DA:107,6
DA:108,6
DA:111,18
DA:112,6
DA:113,6
DA:114,6
DA:115,6
DA:116,6
DA:117,6
DA:118,6
DA:119,6
DA:120,6
DA:123,18
DA:124,6
DA:125,6
DA:126,6
DA:127,6
DA:128,6
DA:129,6
DA:130,6
DA:131,6
DA:132,6
DA:133,6
LF:111
LH:111
end_of_record
SF:lib\algorithm\sudoku.dart
DA:10,8
DA:11,40
DA:14,8
DA:16,16
DA:17,8
DA:18,1
DA:24,2
DA:26,4
DA:27,4
DA:28,4
DA:29,1
DA:31,12
DA:34,2
DA:40,8
DA:41,24
DA:44,2
DA:45,0
DA:46,4
DA:47,4
DA:48,8
DA:49,2
DA:50,2
DA:55,2
DA:57,4
DA:58,2
DA:64,4
DA:67,4
DA:69,8
DA:71,2
DA:74,1
DA:75,1
DA:76,2
DA:77,2
DA:82,1
DA:83,1
DA:84,2
DA:85,2
DA:90,1
DA:91,1
DA:92,2
DA:93,3
DA:98,8
DA:99,8
DA:100,16
DA:101,16
DA:103,8
DA:109,8
DA:110,8
DA:111,16
DA:112,16
DA:114,8
DA:120,8
DA:121,8
DA:122,16
DA:123,24
DA:125,8
DA:131,2
DA:132,2
DA:133,1
DA:135,2
DA:136,2
DA:137,6
DA:138,2
DA:140,6
DA:141,2
DA:143,6
DA:144,2
DA:147,4
DA:148,2
DA:154,8
DA:155,16
DA:156,8
DA:157,8
DA:158,8
DA:160,32
DA:161,32
DA:162,32
DA:169,7
DA:170,28
DA:171,14
DA:174,2
DA:175,2
DA:179,3
DA:180,3
DA:181,2
DA:182,2
DA:190,0
DA:191,0
DA:192,0
DA:193,0
DA:194,0
DA:195,0
DA:197,0
DA:198,0
DA:199,0
DA:201,0
DA:202,0
DA:204,0
DA:205,0
DA:207,0
DA:208,0
DA:212,0
DA:213,0
DA:214,0
DA:215,0
DA:218,0
DA:219,0
DA:220,0
DA:221,0
DA:224,0
DA:225,0
DA:226,0
DA:227,0
DA:231,0
DA:233,0
DA:234,0
DA:235,0
LF:117
LH:85
end_of_record
SF:lib\state\tile_state.dart
DA:14,25
DA:23,3
DA:24,16
DA:27,3
DA:28,20
DA:30,12
DA:32,12
DA:34,16
DA:36,16
DA:38,16
DA:40,0
DA:42,0
DA:49,15
DA:55,15
DA:56,15
DA:57,15
DA:58,15
DA:59,5
DA:60,12
DA:61,14
DA:65,15
DA:68,9
DA:69,28
DA:77,24
DA:78,24
DA:79,48
DA:80,48
DA:81,72
LF:28
LH:26
end_of_record
SF:lib\algorithm\solver.dart
DA:7,1
DA:8,1
DA:12,1
DA:13,0
DA:14,2
DA:15,0
DA:16,1
DA:17,1
DA:18,1
DA:23,1
DA:31,0
DA:32,0
DA:36,6
DA:37,18
DA:39,18
DA:40,6
DA:41,6
DA:42,12
DA:43,6
LF:19
LH:15
end_of_record
SF:lib\redux\actions.dart
DA:10,7
DA:16,3
DA:22,3
DA:26,5
DA:32,6
DA:36,1
DA:41,2
DA:45,2
DA:49,1
DA:54,7
DA:59,0
DA:62,0
DA:67,0
DA:71,0
DA:75,1
DA:79,0
DA:83,0
LF:17
LH:11
end_of_record
SF:lib\redux\redux.dart
DA:23,23
DA:25,0
DA:31,23
DA:33,46
DA:35,23
DA:37,23
DA:38,23
DA:39,23
DA:40,23
DA:41,23
DA:42,23
DA:45,23
DA:50,23
DA:51,0
DA:52,23
DA:56,23
DA:62,21
DA:63,21
DA:64,63
DA:65,63
DA:66,63
DA:67,63
DA:68,63
DA:69,63
DA:70,63
LF:25
LH:23
end_of_record
SF:lib\state\tile_key.dart
DA:8,24
DA:10,112
DA:11,144
DA:13,0
DA:14,0
DA:17,8
DA:18,8
DA:19,16
DA:20,16
DA:21,16
DA:27,8
DA:28,8
DA:30,8
DA:31,32
DA:32,8
DA:33,32
DA:34,8
DA:35,32
DA:36,8
DA:37,32
DA:38,8
DA:39,32
DA:40,8
DA:41,32
DA:42,8
DA:43,32
DA:44,8
DA:45,32
DA:47,32
LF:29
LH:27
end_of_record
SF:lib\constants\my_colors.dart
DA:4,15
DA:5,18
DA:6,69
DA:7,9
DA:8,21
DA:9,27
DA:10,3
DA:11,0
DA:12,0
LF:9
LH:7
end_of_record
SF:lib\constants\my_values.dart
DA:10,0
DA:11,0
LF:2
LH:0
end_of_record
SF:lib\state\number_state.dart
DA:9,23
DA:11,1
DA:12,2
DA:15,8
DA:19,8
DA:20,8
DA:21,0
DA:25,23
DA:26,23
DA:27,46
DA:28,46
LF:11
LH:10
end_of_record
SF:lib\state\screen_state.dart
DA:1,26
DA:2,26
DA:3,26
DA:4,26
DA:5,26
DA:6,26
DA:7,26
DA:8,26
LF:8
LH:8
end_of_record
SF:lib\redux\reducers\camera_state_reducer.dart
DA:5,84
DA:6,21
DA:9,0
DA:10,0
LF:4
LH:2
end_of_record
SF:lib\state\camera_state.dart
DA:17,1
DA:20,4
DA:22,2
DA:23,1
DA:26,5
DA:27,6
DA:32,0
DA:33,0
DA:34,0
DA:37,0
DA:40,0
DA:41,0
DA:42,0
DA:44,0
DA:45,0
DA:51,1
DA:52,2
DA:54,3
DA:55,0
DA:58,1
DA:59,1
DA:60,4
DA:61,1
DA:62,4
DA:63,3
DA:65,1
DA:69,1
DA:73,7
DA:76,3
DA:77,0
DA:78,2
DA:80,0
DA:81,0
DA:86,0
DA:87,0
DA:88,0
DA:90,0
DA:91,0
DA:92,0
DA:94,0
DA:95,0
DA:97,0
DA:100,0
DA:101,0
DA:102,0
DA:103,0
DA:104,0
DA:105,0
DA:106,0
DA:114,0
DA:115,0
DA:116,0
DA:117,0
DA:118,0
DA:119,0
DA:120,0
DA:121,0
DA:122,0
DA:123,0
DA:124,0
DA:132,1
DA:136,1
DA:139,1
DA:140,1
LF:64
LH:24
end_of_record
SF:lib\redux\reducers\game_number_reducer.dart
DA:6,84
DA:7,21
DA:10,2
DA:11,8
DA:12,2
LF:5
LH:5
end_of_record
SF:lib\redux\reducers\game_state_reducer.dart
DA:8,84
DA:9,21
DA:10,21
DA:11,21
DA:12,21
DA:13,21
DA:14,21
DA:15,21
DA:16,21
DA:17,21
DA:20,5
DA:21,20
DA:22,15
DA:24,5
DA:29,6
DA:33,3
DA:35,15
DA:36,3
DA:37,1
DA:40,3
DA:41,3
DA:47,1
DA:51,1
DA:55,0
DA:59,0
DA:63,0
DA:67,0
LF:27
LH:23
end_of_record
SF:lib\state\game_state.dart
DA:1,26
DA:2,26
DA:3,26
DA:4,26
DA:5,26
DA:6,26
DA:7,26
DA:8,26
DA:9,26
LF:9
LH:9
end_of_record
SF:lib\redux\reducers\number_state_list_reducer.dart
DA:6,84
DA:7,21
DA:8,21
DA:9,21
DA:10,21
DA:11,21
DA:14,7
DA:15,7
DA:16,14
DA:17,14
DA:23,3
DA:24,3
DA:25,6
DA:26,6
DA:32,3
DA:33,3
DA:34,6
DA:35,6
DA:41,1
DA:42,1
DA:43,2
DA:44,2
DA:50,7
DA:52,14
DA:56,1
DA:57,2
DA:58,2
LF:27
LH:27
end_of_record
SF:lib\redux\reducers\screen_state_reducer.dart
DA:6,84
DA:7,21
DA:10,7
DA:11,7
LF:4
LH:4
end_of_record
SF:lib\redux\reducers\tile_state_map_reducer.dart
DA:10,84
DA:11,21
DA:12,21
DA:13,21
DA:14,21
DA:15,21
DA:16,21
DA:17,21
DA:18,21
DA:19,21
DA:22,7
DA:24,35
DA:27,7
DA:28,14
DA:29,7
DA:30,14
DA:36,3
DA:37,9
DA:40,15
DA:43,3
DA:44,6
DA:45,9
DA:46,6
DA:52,2
DA:53,6
DA:55,2
DA:56,4
DA:57,12
DA:59,4
DA:62,4
DA:67,3
DA:68,3
DA:70,6
DA:71,12
DA:72,6
DA:78,6
DA:79,6
DA:80,24
DA:81,6
DA:82,24
DA:83,18
DA:89,1
DA:90,1
DA:91,2
DA:92,3
DA:93,2
DA:99,7
DA:101,14
DA:105,1
DA:106,2
DA:107,3
DA:113,0
DA:114,0
DA:115,0
DA:116,0
DA:122,1
DA:125,2
DA:126,1
DA:130,1
DA:132,1
DA:135,0
DA:136,0
DA:137,0
DA:138,0
DA:139,0
LF:65
LH:56
end_of_record
SF:lib\redux\reducers\top_text_state_reducer.dart
DA:8,84
DA:9,21
DA:10,21
DA:11,21
DA:12,21
DA:13,21
DA:14,21
DA:15,21
DA:16,21
DA:19,3
DA:20,6
DA:23,3
DA:24,6
DA:27,1
DA:28,2
DA:31,7
DA:32,7
DA:33,14
DA:34,7
DA:38,5
DA:39,10
DA:42,6
DA:43,12
DA:46,1
DA:47,2
DA:50,7
DA:51,14
DA:52,2
DA:53,14
DA:54,2
DA:56,12
LF:31
LH:31
end_of_record
SF:lib\state\top_text_state.dart
DA:10,23
DA:15,23
DA:16,46
DA:19,19
DA:23,19
DA:24,0
DA:25,0
LF:7
LH:5
end_of_record
SF:lib\state\app_state.dart
DA:22,23
DA:32,21
DA:41,21
DA:42,0
DA:43,0
DA:44,0
DA:45,0
DA:46,0
DA:47,0
DA:48,0
LF:10
LH:3
end_of_record
SF:lib\screens\just_play_help_screen.dart
DA:11,2
DA:13,1
DA:15,3
DA:17,1
DA:18,1
DA:19,1
DA:20,1
DA:23,1
DA:24,1
DA:25,1
DA:26,1
DA:27,1
DA:28,1
DA:32,2
LF:14
LH:14
end_of_record
SF:lib\constants\my_styles.dart
DA:10,15
DA:13,5
DA:17,15
DA:24,12
DA:31,21
DA:38,15
DA:39,5
DA:42,15
DA:46,5
DA:49,0
DA:56,9
DA:58,3
DA:61,15
DA:63,5
DA:66,0
DA:72,3
DA:74,1
LF:17
LH:15
end_of_record
SF:lib\constants\my_widgets.dart
DA:5,4
DA:6,4
DA:9,1
DA:10,1
DA:11,1
DA:12,1
LF:6
LH:6
end_of_record
SF:lib\screens\home_screen.dart
DA:12,2
DA:13,1
DA:14,1
DA:18,1
DA:20,3
DA:21,1
DA:22,1
DA:23,1
DA:24,1
DA:25,1
DA:28,1
DA:29,1
DA:30,1
DA:31,1
DA:32,1
LF:15
LH:15
end_of_record
SF:lib\widgets\home_screen\just_play_button_widget.dart
DA:8,2
DA:10,1
DA:12,1
DA:14,1
DA:15,1
DA:17,1
DA:18,1
DA:19,1
DA:25,1
DA:26,1
DA:28,1
DA:30,0
DA:31,0
DA:38,0
DA:39,0
DA:41,0
DA:42,0
LF:17
LH:11
end_of_record
SF:lib\widgets\home_screen\solve_with_camera_button_widget.dart
DA:8,2
DA:10,1
DA:12,1
DA:14,1
DA:15,1
DA:17,1
DA:18,1
DA:19,1
DA:25,1
DA:26,1
DA:28,1
DA:30,0
DA:31,0
DA:38,0
DA:39,0
DA:41,0
DA:42,0
LF:17
LH:11
end_of_record
SF:lib\widgets\home_screen\solve_with_touch_button_widget.dart
DA:8,2
DA:10,1
DA:12,1
DA:14,1
DA:15,1
DA:17,1
DA:18,1
DA:19,1
DA:25,1
DA:26,1
DA:28,1
DA:30,0
DA:31,0
DA:38,0
DA:39,0
DA:41,0
DA:42,0
LF:17
LH:11
end_of_record
SF:lib\widgets\shared\top_text_widget.dart
DA:9,8
DA:11,4
DA:12,4
DA:16,4
DA:18,4
DA:20,12
DA:21,4
DA:22,4
DA:24,4
DA:25,4
DA:26,4
DA:28,4
DA:30,4
LF:13
LH:13
end_of_record
SF:lib\widgets\shared\help_screen_app_bar.dart
DA:10,6
DA:12,3
DA:14,3
DA:15,6
DA:16,3
DA:18,3
DA:21,3
DA:22,3
DA:23,3
DA:24,3
DA:25,3
DA:32,3
DA:33,12
LF:13
LH:13
end_of_record
SF:lib\widgets\shared\help_screen_text_widget.dart
DA:6,6
DA:8,3
DA:9,3
DA:13,3
DA:15,3
DA:16,3
DA:17,3
DA:18,6
DA:20,3
LF:9
LH:9
end_of_record
SF:lib\screens\just_play_screen.dart
DA:13,2
DA:15,1
DA:16,1
DA:20,1
DA:22,3
DA:23,6
DA:24,1
DA:25,2
DA:26,1
DA:27,1
DA:28,1
DA:29,1
DA:32,1
DA:33,1
DA:34,1
DA:35,1
DA:36,1
LF:17
LH:17
end_of_record
SF:lib\widgets\just_play_screen\just_play_screen_app_bar.dart
DA:15,2
DA:17,1
DA:19,1
DA:20,2
DA:21,1
DA:23,1
DA:26,1
DA:27,1
DA:28,1
DA:29,1
DA:30,1
DA:34,1
DA:35,0
DA:36,0
DA:37,0
DA:39,1
DA:44,1
DA:45,4
LF:18
LH:15
end_of_record
SF:lib\widgets\just_play_screen\new_game_button_widget.dart
DA:12,4
DA:14,2
DA:15,2
DA:19,2
DA:21,2
DA:23,6
DA:24,2
DA:26,2
DA:27,2
DA:28,2
DA:30,2
DA:31,2
DA:33,2
DA:34,2
DA:35,2
DA:36,2
DA:37,2
DA:39,2
DA:41,1
DA:42,1
DA:43,3
LF:21
LH:21
end_of_record
SF:lib\widgets\shared\number_bar_widget.dart
DA:5,6
DA:7,3
DA:8,3
DA:12,3
DA:13,3
DA:16,3
DA:18,3
DA:19,3
DA:22,3
DA:23,3
DA:24,3
DA:25,3
DA:26,3
DA:27,3
DA:28,3
DA:29,3
DA:30,3
DA:31,3
LF:18
LH:18
end_of_record
SF:lib\widgets\shared\sudoku_widget.dart
DA:11,6
DA:13,3
DA:14,3
DA:18,3
DA:20,3
DA:22,9
DA:23,3
DA:24,3
DA:26,3
DA:27,3
DA:28,3
DA:29,3
DA:33,3
DA:35,7
DA:42,3
DA:43,3
DA:45,3
DA:46,3
DA:47,3
DA:48,3
DA:49,3
DA:50,3
DA:51,3
DA:52,3
DA:53,3
DA:54,3
DA:55,3
DA:56,3
DA:62,3
DA:63,3
DA:64,3
DA:65,6
DA:66,6
DA:67,6
DA:68,6
DA:69,6
DA:70,6
DA:71,6
DA:72,6
DA:73,6
DA:78,3
DA:79,3
LF:42
LH:42
end_of_record
SF:lib\screens\solve_with_camera_help_screen.dart
DA:11,2
DA:13,1
DA:15,3
DA:17,1
DA:18,1
DA:19,2
DA:20,1
DA:21,1
DA:24,1
DA:25,1
DA:26,1
DA:27,1
DA:28,1
LF:13
LH:13
end_of_record
SF:lib\screens\solve_with_camera_screen.dart
DA:19,0
DA:21,0
DA:22,0
DA:26,0
DA:28,0
DA:29,0
DA:30,0
DA:34,0
DA:36,0
DA:37,0
DA:38,0
DA:40,0
DA:41,0
DA:42,0
DA:43,0
DA:44,0
DA:45,0
DA:46,0
DA:47,0
DA:50,0
DA:51,0
DA:52,0
DA:53,0
DA:54,0
DA:57,0
DA:58,0
DA:60,0
DA:63,0
DA:66,0
DA:67,0
DA:68,0
DA:69,0
DA:70,0
DA:71,0
DA:72,0
DA:76,0
LF:36
LH:0
end_of_record
SF:lib\widgets\solve_with_camera_screen\camera_widget.dart
DA:12,0
DA:14,0
DA:15,0
DA:22,0
DA:24,0
DA:26,0
DA:29,0
DA:32,0
DA:34,0
DA:38,0
DA:39,0
DA:40,0
DA:41,0
DA:42,0
DA:43,0
DA:44,0
DA:45,0
DA:46,0
DA:48,0
DA:49,0
DA:51,0
DA:57,0
DA:59,0
DA:61,0
DA:62,0
DA:63,0
DA:64,0
DA:66,0
DA:67,0
DA:68,0
DA:69,0
DA:70,0
DA:71,0
DA:72,0
DA:73,0
DA:74,0
DA:75,0
LF:37
LH:0
end_of_record
SF:lib\widgets\solve_with_camera_screen\retake_photo_button_widget.dart
DA:12,0
DA:14,0
DA:15,0
DA:19,0
DA:21,0
DA:23,0
DA:24,0
DA:25,0
DA:27,0
DA:28,0
DA:30,0
DA:31,0
DA:32,0
DA:33,0
DA:34,0
DA:36,0
DA:38,0
DA:39,0
LF:18
LH:0
end_of_record
SF:lib\widgets\solve_with_camera_screen\solve_with_camera_screen_app_bar.dart
DA:15,0
DA:17,0
DA:19,0
DA:20,0
DA:21,0
DA:23,0
DA:26,0
DA:27,0
DA:28,0
DA:29,0
DA:30,0
DA:34,0
DA:35,0
DA:36,0
DA:37,0
DA:39,0
DA:44,0
DA:45,0
LF:18
LH:0
end_of_record
SF:lib\widgets\solve_with_camera_screen\take_photo_button_widget.dart
DA:12,0
DA:14,0
DA:15,0
DA:19,0
DA:21,0
DA:23,0
DA:24,0
DA:25,0
DA:27,0
DA:28,0
DA:30,0
DA:31,0
DA:32,0
DA:33,0
DA:34,0
DA:36,0
DA:38,0
DA:39,0
LF:18
LH:0
end_of_record
SF:lib\widgets\solve_with_camera_screen\solve_it_button_widget.dart
DA:12,0
DA:14,0
DA:15,0
DA:19,0
DA:21,0
DA:23,0
DA:24,0
DA:25,0
DA:27,0
DA:31,0
DA:33,0
DA:34,0
DA:35,0
DA:36,0
DA:37,0
DA:39,0
DA:41,0
DA:43,0
DA:44,0
LF:19
LH:0
end_of_record
SF:lib\screens\solve_with_touch_help_screen.dart
DA:11,2
DA:13,1
DA:15,3
DA:17,1
DA:18,1
DA:19,2
DA:20,1
DA:21,1
DA:24,1
DA:25,1
DA:26,1
DA:27,1
DA:28,1
DA:29,1
LF:14
LH:14
end_of_record
SF:lib\screens\solve_with_touch_screen.dart
DA:13,2
DA:15,1
DA:16,1
DA:20,1
DA:22,3
DA:24,1
DA:25,2
DA:26,1
DA:27,1
DA:28,1
DA:31,1
DA:32,1
DA:33,1
DA:34,1
DA:35,1
LF:15
LH:15
end_of_record
SF:lib\widgets\solve_with_touch_screen\solve_my_sudoku_button_widget.dart
DA:12,4
DA:14,2
DA:15,2
DA:19,2
DA:21,2
DA:23,6
DA:24,2
DA:25,2
DA:27,2
DA:28,2
DA:30,2
DA:31,2
DA:32,2
DA:33,5
DA:34,2
DA:36,2
DA:39,4
DA:41,1
DA:42,3
LF:19
LH:19
end_of_record
SF:lib\widgets\solve_with_touch_screen\solve_with_touch_screen_app_bar.dart
DA:15,2
DA:17,1
DA:19,1
DA:20,2
DA:21,1
DA:23,1
DA:26,1
DA:27,1
DA:28,1
DA:29,1
DA:30,1
DA:34,1
DA:35,0
DA:36,0
DA:37,0
DA:39,1
DA:44,1
DA:45,4
LF:18
LH:15
end_of_record
SF:lib\widgets\just_play_screen\just_play_screen_drop_down_menu_widget.dart
DA:10,8
DA:12,4
DA:14,4
DA:15,4
DA:17,4
DA:19,4
DA:20,4
DA:21,0
DA:22,0
DA:27,4
DA:28,4
DA:31,4
DA:32,4
DA:33,4
DA:35,4
DA:38,4
DA:39,4
DA:41,4
DA:48,0
DA:49,0
DA:50,0
DA:51,0
DA:52,0
DA:56,0
DA:57,0
DA:60,0
DA:61,0
DA:63,0
DA:64,0
LF:29
LH:16
end_of_record
SF:lib\widgets\shared\number_widget.dart
DA:13,8
DA:15,4
DA:16,8
DA:22,4
DA:24,4
DA:26,4
DA:28,24
DA:29,4
DA:30,4
DA:31,4
DA:32,4
DA:35,4
DA:41,4
DA:42,9
DA:43,4
DA:45,4
DA:46,4
DA:47,8
DA:48,4
DA:57,1
DA:58,1
DA:59,3
LF:22
LH:22
end_of_record
SF:lib\widgets\shared\tile_widget.dart
DA:15,8
DA:17,4
DA:18,8
DA:23,4
DA:25,4
DA:27,4
DA:29,20
DA:30,4
DA:31,0
DA:32,4
DA:33,4
DA:36,4
DA:37,4
DA:38,4
DA:39,24
DA:40,24
DA:43,4
DA:45,4
DA:47,4
DA:48,4
DA:49,10
DA:50,4
DA:54,8
DA:61,5
DA:62,1
DA:64,1
DA:67,4
DA:71,1
DA:72,1
DA:76,1
DA:77,3
DA:79,3
DA:81,3
DA:88,4
DA:89,4
DA:90,2
DA:91,4
DA:92,1
DA:94,4
LF:39
LH:38
end_of_record
SF:lib\widgets\solve_with_camera_screen\solve_with_camera_screen_drop_down_menu_widget.dart
DA:10,0
DA:12,0
DA:14,0
DA:15,0
DA:17,0
DA:19,0
DA:20,0
DA:21,0
DA:22,0
DA:27,0
DA:28,0
DA:31,0
DA:32,0
DA:33,0
DA:35,0
DA:38,0
DA:39,0
DA:41,0
DA:48,0
DA:49,0
DA:50,0
DA:51,0
DA:52,0
DA:56,0
DA:57,0
DA:60,0
DA:61,0
DA:63,0
DA:64,0
LF:29
LH:0
end_of_record
SF:lib\widgets\solve_with_touch_screen\solve_with_touch_screen_drop_down_menu_widget.dart
DA:10,2
DA:12,1
DA:14,1
DA:15,1
DA:17,1
DA:19,1
DA:20,1
DA:21,0
DA:22,0
DA:27,1
DA:28,1
DA:31,1
DA:32,1
DA:33,1
DA:35,1
DA:38,1
DA:39,1
DA:41,1
DA:48,0
DA:49,0
DA:50,0
DA:51,0
DA:52,0
DA:56,0
DA:57,0
DA:60,0
DA:61,0
DA:63,0
DA:64,0
LF:29
LH:16
end_of_record
